<?xml version="1.0" encoding="UTF-8"?>
<!-- Generated by org.testng.reporters.JUnitReportReporter -->
<testsuite hostname="CTLINDT-2226" name="com.insight.WebTest.EUF.EUF12_FCTWebEndUserIPSTest" tests="1" failures="0" timestamp="14 Nov 2019 12:06:10 GMT" time="97.052" errors="0">
  <testcase name="TC_EUF12" time="97.052" classname="com.insight.WebTest.EUF.EUF12_FCTWebEndUserIPSTest"/>
</testsuite> <!-- com.insight.WebTest.EUF.EUF12_FCTWebEndUserIPSTest -->
