<?xml version="1.0" encoding="UTF-8"?>
<!-- Generated by org.testng.reporters.JUnitReportReporter -->
<testsuite hostname="CTLINDT-2226" name="com.insight.WebTest.LNL.LNL01_InactiveSTTest" tests="1" failures="0" timestamp="19 Nov 2019 06:09:41 GMT" time="29.670" errors="0">
  <testcase name="TC_LNL01" time="29.670" classname="com.insight.WebTest.LNL.LNL01_InactiveSTTest"/>
</testsuite> <!-- com.insight.WebTest.LNL.LNL01_InactiveSTTest -->
