<?xml version="1.0" encoding="UTF-8"?>
<!-- Generated by org.testng.reporters.JUnitReportReporter -->
<testsuite hostname="CTLINDT-2226" name="com.insight.WebTest.UserManag.USM08_FCTWebUserSoldToLinkingTest" tests="1" failures="0" timestamp="20 Nov 2019 07:25:28 GMT" time="124.482" errors="0">
  <testcase name="TC_USM08" time="124.482" classname="com.insight.WebTest.UserManag.USM08_FCTWebUserSoldToLinkingTest"/>
</testsuite> <!-- com.insight.WebTest.UserManag.USM08_FCTWebUserSoldToLinkingTest -->
