<?xml version="1.0" encoding="UTF-8"?>
<!-- Generated by org.testng.reporters.JUnitReportReporter -->
<testsuite hostname="CTLINDT-2226" name="com.insight.WebTest.UserManag.USM09_SimplifiedAccountCreationTest" tests="1" failures="0" timestamp="25 Nov 2019 10:55:30 GMT" time="128.691" errors="0">
  <testcase name="TC_USM09" time="128.691" classname="com.insight.WebTest.UserManag.USM09_SimplifiedAccountCreationTest"/>
</testsuite> <!-- com.insight.WebTest.UserManag.USM09_SimplifiedAccountCreationTest -->
