<?xml version="1.0" encoding="UTF-8"?>
<!-- Generated by org.testng.reporters.JUnitReportReporter -->
<testsuite hostname="CTLINDT-2226" name="com.insight.WebTest.SEWP.TejaTest" tests="1" failures="0" timestamp="21 Jan 2020 12:26:34 GMT" time="86.874" errors="0">
  <testcase name="TEJA_TEST" time="86.874" classname="com.insight.WebTest.SEWP.TejaTest"/>
</testsuite> <!-- com.insight.WebTest.SEWP.TejaTest -->
